{"C:\\Users\\sofis\\TP7\\frontend\\app.js": {"path":"C:\\Users\\sofis\\TP7\\frontend\\app.js","statementMap":{"0":{"start":{"line":1,"column":16},"end":{"line":1,"column":47}},"1":{"start":{"line":4,"column":0},"end":{"line":13,"column":3}},"2":{"start":{"line":5,"column":4},"end":{"line":5,"column":21}},"3":{"start":{"line":8,"column":4},"end":{"line":12,"column":7}},"4":{"start":{"line":9,"column":8},"end":{"line":11,"column":9}},"5":{"start":{"line":10,"column":12},"end":{"line":10,"column":29}},"6":{"start":{"line":17,"column":4},"end":{"line":40,"column":5}},"7":{"start":{"line":18,"column":25},"end":{"line":18,"column":59}},"8":{"start":{"line":19,"column":25},"end":{"line":19,"column":46}},"9":{"start":{"line":21,"column":30},"end":{"line":21,"column":70}},"10":{"start":{"line":23,"column":8},"end":{"line":26,"column":9}},"11":{"start":{"line":24,"column":12},"end":{"line":24,"column":114}},"12":{"start":{"line":25,"column":12},"end":{"line":25,"column":19}},"13":{"start":{"line":28,"column":8},"end":{"line":35,"column":20}},"14":{"start":{"line":28,"column":58},"end":{"line":35,"column":9}},"15":{"start":{"line":38,"column":8},"end":{"line":38,"column":58}},"16":{"start":{"line":39,"column":8},"end":{"line":39,"column":64}},"17":{"start":{"line":45,"column":25},"end":{"line":45,"column":64}},"18":{"start":{"line":46,"column":20},"end":{"line":46,"column":45}},"19":{"start":{"line":48,"column":4},"end":{"line":51,"column":5}},"20":{"start":{"line":49,"column":8},"end":{"line":49,"column":65}},"21":{"start":{"line":50,"column":8},"end":{"line":50,"column":15}},"22":{"start":{"line":53,"column":4},"end":{"line":75,"column":5}},"23":{"start":{"line":54,"column":25},"end":{"line":60,"column":10}},"24":{"start":{"line":62,"column":26},"end":{"line":62,"column":47}},"25":{"start":{"line":64,"column":8},"end":{"line":70,"column":9}},"26":{"start":{"line":65,"column":12},"end":{"line":65,"column":69}},"27":{"start":{"line":66,"column":12},"end":{"line":66,"column":36}},"28":{"start":{"line":67,"column":12},"end":{"line":67,"column":29}},"29":{"start":{"line":69,"column":12},"end":{"line":69,"column":83}},"30":{"start":{"line":73,"column":8},"end":{"line":73,"column":58}},"31":{"start":{"line":74,"column":8},"end":{"line":74,"column":63}},"32":{"start":{"line":80,"column":4},"end":{"line":82,"column":5}},"33":{"start":{"line":81,"column":8},"end":{"line":81,"column":15}},"34":{"start":{"line":84,"column":4},"end":{"line":101,"column":5}},"35":{"start":{"line":85,"column":25},"end":{"line":87,"column":10}},"36":{"start":{"line":89,"column":26},"end":{"line":89,"column":47}},"37":{"start":{"line":91,"column":8},"end":{"line":96,"column":9}},"38":{"start":{"line":92,"column":12},"end":{"line":92,"column":70}},"39":{"start":{"line":93,"column":12},"end":{"line":93,"column":29}},"40":{"start":{"line":95,"column":12},"end":{"line":95,"column":84}},"41":{"start":{"line":99,"column":8},"end":{"line":99,"column":59}},"42":{"start":{"line":100,"column":8},"end":{"line":100,"column":64}},"43":{"start":{"line":106,"column":23},"end":{"line":106,"column":57}},"44":{"start":{"line":107,"column":4},"end":{"line":107,"column":73}},"45":{"start":{"line":110,"column":4},"end":{"line":112,"column":13}},"46":{"start":{"line":111,"column":8},"end":{"line":111,"column":34}},"47":{"start":{"line":116,"column":0},"end":{"line":123,"column":1}},"48":{"start":{"line":117,"column":2},"end":{"line":122,"column":4}}},"fnMap":{"0":{"name":"(anonymous_0)","decl":{"start":{"line":4,"column":46},"end":{"line":4,"column":47}},"loc":{"start":{"line":4,"column":57},"end":{"line":13,"column":1}},"line":4},"1":{"name":"(anonymous_1)","decl":{"start":{"line":8,"column":73},"end":{"line":8,"column":74}},"loc":{"start":{"line":8,"column":85},"end":{"line":12,"column":5}},"line":8},"2":{"name":"cargarPalabras","decl":{"start":{"line":16,"column":15},"end":{"line":16,"column":29}},"loc":{"start":{"line":16,"column":32},"end":{"line":41,"column":1}},"line":16},"3":{"name":"(anonymous_3)","decl":{"start":{"line":28,"column":47},"end":{"line":28,"column":48}},"loc":{"start":{"line":28,"column":58},"end":{"line":35,"column":9}},"line":28},"4":{"name":"agregarPalabra","decl":{"start":{"line":44,"column":15},"end":{"line":44,"column":29}},"loc":{"start":{"line":44,"column":32},"end":{"line":76,"column":1}},"line":44},"5":{"name":"eliminarPalabra","decl":{"start":{"line":79,"column":15},"end":{"line":79,"column":30}},"loc":{"start":{"line":79,"column":35},"end":{"line":102,"column":1}},"line":79},"6":{"name":"mostrarMensaje","decl":{"start":{"line":105,"column":9},"end":{"line":105,"column":23}},"loc":{"start":{"line":105,"column":37},"end":{"line":113,"column":1}},"line":105},"7":{"name":"(anonymous_7)","decl":{"start":{"line":110,"column":15},"end":{"line":110,"column":16}},"loc":{"start":{"line":110,"column":21},"end":{"line":112,"column":5}},"line":110}},"branchMap":{"0":{"loc":{"start":{"line":9,"column":8},"end":{"line":11,"column":9}},"type":"if","locations":[{"start":{"line":9,"column":8},"end":{"line":11,"column":9}},{"start":{},"end":{}}],"line":9},"1":{"loc":{"start":{"line":23,"column":8},"end":{"line":26,"column":9}},"type":"if","locations":[{"start":{"line":23,"column":8},"end":{"line":26,"column":9}},{"start":{},"end":{}}],"line":23},"2":{"loc":{"start":{"line":48,"column":4},"end":{"line":51,"column":5}},"type":"if","locations":[{"start":{"line":48,"column":4},"end":{"line":51,"column":5}},{"start":{},"end":{}}],"line":48},"3":{"loc":{"start":{"line":64,"column":8},"end":{"line":70,"column":9}},"type":"if","locations":[{"start":{"line":64,"column":8},"end":{"line":70,"column":9}},{"start":{"line":68,"column":15},"end":{"line":70,"column":9}}],"line":64},"4":{"loc":{"start":{"line":69,"column":27},"end":{"line":69,"column":72}},"type":"binary-expr","locations":[{"start":{"line":69,"column":27},"end":{"line":69,"column":42}},{"start":{"line":69,"column":46},"end":{"line":69,"column":72}}],"line":69},"5":{"loc":{"start":{"line":80,"column":4},"end":{"line":82,"column":5}},"type":"if","locations":[{"start":{"line":80,"column":4},"end":{"line":82,"column":5}},{"start":{},"end":{}}],"line":80},"6":{"loc":{"start":{"line":91,"column":8},"end":{"line":96,"column":9}},"type":"if","locations":[{"start":{"line":91,"column":8},"end":{"line":96,"column":9}},{"start":{"line":94,"column":15},"end":{"line":96,"column":9}}],"line":91},"7":{"loc":{"start":{"line":95,"column":27},"end":{"line":95,"column":73}},"type":"binary-expr","locations":[{"start":{"line":95,"column":27},"end":{"line":95,"column":42}},{"start":{"line":95,"column":46},"end":{"line":95,"column":73}}],"line":95},"8":{"loc":{"start":{"line":116,"column":0},"end":{"line":123,"column":1}},"type":"if","locations":[{"start":{"line":116,"column":0},"end":{"line":123,"column":1}},{"start":{},"end":{}}],"line":116},"9":{"loc":{"start":{"line":116,"column":4},"end":{"line":116,"column":51}},"type":"binary-expr","locations":[{"start":{"line":116,"column":4},"end":{"line":116,"column":33}},{"start":{"line":116,"column":37},"end":{"line":116,"column":51}}],"line":116}},"s":{"0":1,"1":1,"2":0,"3":0,"4":0,"5":0,"6":5,"7":5,"8":4,"9":4,"10":4,"11":2,"12":2,"13":2,"14":3,"15":1,"16":1,"17":3,"18":3,"19":3,"20":1,"21":1,"22":2,"23":2,"24":2,"25":2,"26":1,"27":1,"28":1,"29":1,"30":0,"31":0,"32":3,"33":1,"34":2,"35":2,"36":2,"37":2,"38":1,"39":1,"40":1,"41":0,"42":0,"43":9,"44":9,"45":9,"46":1,"47":1,"48":1},"f":{"0":0,"1":0,"2":5,"3":3,"4":3,"5":3,"6":9,"7":1},"b":{"0":[0,0],"1":[2,2],"2":[1,2],"3":[1,1],"4":[1,0],"5":[1,2],"6":[1,1],"7":[1,0],"8":[1,0],"9":[1,1]},"_coverageSchema":"1a1c01bbd47fc00a2c39e90264f33305004495a9","hash":"a58208c3f434e948490867e3224e5da5697f4de4"}
}
