TN:
SF:app.js
FN:4,(anonymous_0)
FN:8,(anonymous_1)
FN:16,cargarPalabras
FN:28,(anonymous_3)
FN:44,agregarPalabra
FN:79,eliminarPalabra
FN:105,mostrarMensaje
FN:110,(anonymous_7)
FNF:8
FNH:6
FNDA:0,(anonymous_0)
FNDA:0,(anonymous_1)
FNDA:5,cargarPalabras
FNDA:3,(anonymous_3)
FNDA:3,agregarPalabra
FNDA:3,eliminarPalabra
FNDA:9,mostrarMensaje
FNDA:1,(anonymous_7)
DA:1,1
DA:4,1
DA:5,0
DA:8,0
DA:9,0
DA:10,0
DA:17,5
DA:18,5
DA:19,4
DA:21,4
DA:23,4
DA:24,2
DA:25,2
DA:28,3
DA:38,1
DA:39,1
DA:45,3
DA:46,3
DA:48,3
DA:49,1
DA:50,1
DA:53,2
DA:54,2
DA:62,2
DA:64,2
DA:65,1
DA:66,1
DA:67,1
DA:69,1
DA:73,0
DA:74,0
DA:80,3
DA:81,1
DA:84,2
DA:85,2
DA:89,2
DA:91,2
DA:92,1
DA:93,1
DA:95,1
DA:99,0
DA:100,0
DA:106,9
DA:107,9
DA:110,9
DA:111,1
DA:116,1
DA:117,1
LF:48
LH:40
BRDA:9,0,0,0
BRDA:9,0,1,0
BRDA:23,1,0,2
BRDA:23,1,1,2
BRDA:48,2,0,1
BRDA:48,2,1,2
BRDA:64,3,0,1
BRDA:64,3,1,1
BRDA:69,4,0,1
BRDA:69,4,1,0
BRDA:80,5,0,1
BRDA:80,5,1,2
BRDA:91,6,0,1
BRDA:91,6,1,1
BRDA:95,7,0,1
BRDA:95,7,1,0
BRDA:116,8,0,1
BRDA:116,8,1,0
BRDA:116,9,0,1
BRDA:116,9,1,1
BRF:20
BRH:15
end_of_record
