{"C:\\Users\\sofis\\TP7\\backend\\db.js": {"path":"C:\\Users\\sofis\\TP7\\backend\\db.js","statementMap":{"0":{"start":{"line":1,"column":16},"end":{"line":1,"column":44}},"1":{"start":{"line":2,"column":13},"end":{"line":2,"column":28}},"2":{"start":{"line":4,"column":16},"end":{"line":4,"column":77}},"3":{"start":{"line":6,"column":11},"end":{"line":17,"column":2}},"4":{"start":{"line":7,"column":2},"end":{"line":16,"column":3}},"5":{"start":{"line":8,"column":4},"end":{"line":8,"column":68}},"6":{"start":{"line":10,"column":4},"end":{"line":10,"column":62}},"7":{"start":{"line":11,"column":4},"end":{"line":15,"column":8}},"8":{"start":{"line":19,"column":0},"end":{"line":19,"column":20}}},"fnMap":{"0":{"name":"(anonymous_0)","decl":{"start":{"line":6,"column":41},"end":{"line":6,"column":42}},"loc":{"start":{"line":6,"column":50},"end":{"line":17,"column":1}},"line":6}},"branchMap":{"0":{"loc":{"start":{"line":4,"column":16},"end":{"line":4,"column":77}},"type":"binary-expr","locations":[{"start":{"line":4,"column":16},"end":{"line":4,"column":35}},{"start":{"line":4,"column":39},"end":{"line":4,"column":77}}],"line":4},"1":{"loc":{"start":{"line":7,"column":2},"end":{"line":16,"column":3}},"type":"if","locations":[{"start":{"line":7,"column":2},"end":{"line":16,"column":3}},{"start":{"line":9,"column":9},"end":{"line":16,"column":3}}],"line":7}},"s":{"0":2,"1":2,"2":2,"3":2,"4":2,"5":0,"6":2,"7":2,"8":2},"f":{"0":2},"b":{"0":[2,2],"1":[0,2]},"_coverageSchema":"1a1c01bbd47fc00a2c39e90264f33305004495a9","hash":"e1c3426b9041741bad5bcc170c937e8d212358f5"}
,"C:\\Users\\sofis\\TP7\\backend\\index.js": {"path":"C:\\Users\\sofis\\TP7\\backend\\index.js","statementMap":{"0":{"start":{"line":1,"column":16},"end":{"line":1,"column":34}},"1":{"start":{"line":2,"column":13},"end":{"line":2,"column":28}},"2":{"start":{"line":3,"column":13},"end":{"line":3,"column":28}},"3":{"start":{"line":6,"column":13},"end":{"line":6,"column":37}},"4":{"start":{"line":9,"column":17},"end":{"line":9,"column":62}},"5":{"start":{"line":10,"column":17},"end":{"line":10,"column":54}},"6":{"start":{"line":13,"column":12},"end":{"line":13,"column":21}},"7":{"start":{"line":16,"column":0},"end":{"line":16,"column":16}},"8":{"start":{"line":17,"column":0},"end":{"line":17,"column":24}},"9":{"start":{"line":20,"column":0},"end":{"line":20,"column":58}},"10":{"start":{"line":23,"column":11},"end":{"line":23,"column":26}},"11":{"start":{"line":26,"column":0},"end":{"line":37,"column":3}},"12":{"start":{"line":27,"column":2},"end":{"line":27,"column":38}},"13":{"start":{"line":28,"column":2},"end":{"line":36,"column":5}},"14":{"start":{"line":29,"column":4},"end":{"line":35,"column":5}},"15":{"start":{"line":30,"column":6},"end":{"line":30,"column":45}},"16":{"start":{"line":31,"column":6},"end":{"line":31,"column":51}},"17":{"start":{"line":33,"column":6},"end":{"line":33,"column":59}},"18":{"start":{"line":34,"column":6},"end":{"line":34,"column":21}},"19":{"start":{"line":39,"column":0},"end":{"line":60,"column":3}},"20":{"start":{"line":40,"column":22},"end":{"line":40,"column":30}},"21":{"start":{"line":41,"column":2},"end":{"line":41,"column":51}},"22":{"start":{"line":43,"column":2},"end":{"line":45,"column":3}},"23":{"start":{"line":44,"column":4},"end":{"line":44,"column":70}},"24":{"start":{"line":47,"column":2},"end":{"line":59,"column":5}},"25":{"start":{"line":48,"column":4},"end":{"line":58,"column":5}},"26":{"start":{"line":49,"column":6},"end":{"line":49,"column":45}},"27":{"start":{"line":50,"column":6},"end":{"line":50,"column":51}},"28":{"start":{"line":52,"column":6},"end":{"line":52,"column":61}},"29":{"start":{"line":53,"column":6},"end":{"line":57,"column":9}},"30":{"start":{"line":62,"column":0},"end":{"line":77,"column":3}},"31":{"start":{"line":63,"column":17},"end":{"line":63,"column":27}},"32":{"start":{"line":64,"column":2},"end":{"line":64,"column":47}},"33":{"start":{"line":66,"column":2},"end":{"line":76,"column":5}},"34":{"start":{"line":67,"column":4},"end":{"line":75,"column":5}},"35":{"start":{"line":68,"column":6},"end":{"line":68,"column":45}},"36":{"start":{"line":69,"column":6},"end":{"line":69,"column":51}},"37":{"start":{"line":70,"column":11},"end":{"line":75,"column":5}},"38":{"start":{"line":71,"column":4},"end":{"line":71,"column":61}},"39":{"start":{"line":73,"column":6},"end":{"line":73,"column":53}},"40":{"start":{"line":74,"column":6},"end":{"line":74,"column":62}},"41":{"start":{"line":80,"column":0},"end":{"line":89,"column":3}},"42":{"start":{"line":81,"column":2},"end":{"line":88,"column":5}},"43":{"start":{"line":92,"column":0},"end":{"line":94,"column":3}},"44":{"start":{"line":93,"column":2},"end":{"line":93,"column":63}},"45":{"start":{"line":97,"column":0},"end":{"line":97,"column":21}},"46":{"start":{"line":100,"column":0},"end":{"line":110,"column":1}},"47":{"start":{"line":101,"column":2},"end":{"line":109,"column":5}},"48":{"start":{"line":102,"column":4},"end":{"line":102,"column":60}},"49":{"start":{"line":103,"column":4},"end":{"line":103,"column":59}},"50":{"start":{"line":104,"column":4},"end":{"line":104,"column":71}},"51":{"start":{"line":105,"column":4},"end":{"line":105,"column":43}},"52":{"start":{"line":106,"column":4},"end":{"line":106,"column":81}},"53":{"start":{"line":107,"column":4},"end":{"line":107,"column":51}},"54":{"start":{"line":108,"column":4},"end":{"line":108,"column":60}}},"fnMap":{"0":{"name":"(anonymous_0)","decl":{"start":{"line":26,"column":25},"end":{"line":26,"column":26}},"loc":{"start":{"line":26,"column":39},"end":{"line":37,"column":1}},"line":26},"1":{"name":"(anonymous_1)","decl":{"start":{"line":28,"column":64},"end":{"line":28,"column":65}},"loc":{"start":{"line":28,"column":79},"end":{"line":36,"column":3}},"line":28},"2":{"name":"(anonymous_2)","decl":{"start":{"line":39,"column":26},"end":{"line":39,"column":27}},"loc":{"start":{"line":39,"column":40},"end":{"line":60,"column":1}},"line":39},"3":{"name":"(anonymous_3)","decl":{"start":{"line":47,"column":65},"end":{"line":47,"column":66}},"loc":{"start":{"line":47,"column":79},"end":{"line":59,"column":3}},"line":47},"4":{"name":"(anonymous_4)","decl":{"start":{"line":62,"column":32},"end":{"line":62,"column":33}},"loc":{"start":{"line":62,"column":46},"end":{"line":77,"column":1}},"line":62},"5":{"name":"(anonymous_5)","decl":{"start":{"line":66,"column":50},"end":{"line":66,"column":51}},"loc":{"start":{"line":66,"column":64},"end":{"line":76,"column":3}},"line":66},"6":{"name":"(anonymous_6)","decl":{"start":{"line":80,"column":19},"end":{"line":80,"column":20}},"loc":{"start":{"line":80,"column":33},"end":{"line":89,"column":1}},"line":80},"7":{"name":"(anonymous_7)","decl":{"start":{"line":92,"column":13},"end":{"line":92,"column":14}},"loc":{"start":{"line":92,"column":27},"end":{"line":94,"column":1}},"line":92},"8":{"name":"(anonymous_8)","decl":{"start":{"line":101,"column":30},"end":{"line":101,"column":31}},"loc":{"start":{"line":101,"column":36},"end":{"line":109,"column":3}},"line":101}},"branchMap":{"0":{"loc":{"start":{"line":6,"column":13},"end":{"line":6,"column":37}},"type":"binary-expr","locations":[{"start":{"line":6,"column":13},"end":{"line":6,"column":29}},{"start":{"line":6,"column":33},"end":{"line":6,"column":37}}],"line":6},"1":{"loc":{"start":{"line":9,"column":17},"end":{"line":9,"column":62}},"type":"binary-expr","locations":[{"start":{"line":9,"column":17},"end":{"line":9,"column":45}},{"start":{"line":9,"column":49},"end":{"line":9,"column":62}}],"line":9},"2":{"loc":{"start":{"line":10,"column":17},"end":{"line":10,"column":54}},"type":"binary-expr","locations":[{"start":{"line":10,"column":17},"end":{"line":10,"column":37}},{"start":{"line":10,"column":41},"end":{"line":10,"column":54}}],"line":10},"3":{"loc":{"start":{"line":29,"column":4},"end":{"line":35,"column":5}},"type":"if","locations":[{"start":{"line":29,"column":4},"end":{"line":35,"column":5}},{"start":{"line":32,"column":11},"end":{"line":35,"column":5}}],"line":29},"4":{"loc":{"start":{"line":43,"column":2},"end":{"line":45,"column":3}},"type":"if","locations":[{"start":{"line":43,"column":2},"end":{"line":45,"column":3}},{"start":{},"end":{}}],"line":43},"5":{"loc":{"start":{"line":48,"column":4},"end":{"line":58,"column":5}},"type":"if","locations":[{"start":{"line":48,"column":4},"end":{"line":58,"column":5}},{"start":{"line":51,"column":11},"end":{"line":58,"column":5}}],"line":48},"6":{"loc":{"start":{"line":67,"column":4},"end":{"line":75,"column":5}},"type":"if","locations":[{"start":{"line":67,"column":4},"end":{"line":75,"column":5}},{"start":{"line":70,"column":11},"end":{"line":75,"column":5}}],"line":67},"7":{"loc":{"start":{"line":70,"column":11},"end":{"line":75,"column":5}},"type":"if","locations":[{"start":{"line":70,"column":11},"end":{"line":75,"column":5}},{"start":{"line":72,"column":11},"end":{"line":75,"column":5}}],"line":70},"8":{"loc":{"start":{"line":100,"column":0},"end":{"line":110,"column":1}},"type":"if","locations":[{"start":{"line":100,"column":0},"end":{"line":110,"column":1}},{"start":{},"end":{}}],"line":100}},"s":{"0":2,"1":2,"2":2,"3":2,"4":2,"5":2,"6":2,"7":2,"8":2,"9":2,"10":2,"11":2,"12":2,"13":2,"14":2,"15":1,"16":1,"17":1,"18":1,"19":2,"20":3,"21":3,"22":3,"23":2,"24":1,"25":1,"26":0,"27":0,"28":1,"29":1,"30":2,"31":2,"32":2,"33":2,"34":2,"35":0,"36":0,"37":2,"38":1,"39":1,"40":1,"41":2,"42":2,"43":2,"44":0,"45":2,"46":2,"47":0,"48":0,"49":0,"50":0,"51":0,"52":0,"53":0,"54":0},"f":{"0":2,"1":2,"2":3,"3":1,"4":2,"5":2,"6":2,"7":0,"8":0},"b":{"0":[2,2],"1":[2,2],"2":[2,0],"3":[1,1],"4":[2,1],"5":[0,1],"6":[0,2],"7":[1,1],"8":[0,2]},"_coverageSchema":"1a1c01bbd47fc00a2c39e90264f33305004495a9","hash":"09395faff17cce2c6e2a84f7492df9f10928f200"}
}
