{"total": {"lines":{"total":64,"covered":50,"skipped":0,"pct":78.12},"statements":{"total":64,"covered":50,"skipped":0,"pct":78.12},"functions":{"total":10,"covered":8,"skipped":0,"pct":80},"branches":{"total":22,"covered":17,"skipped":0,"pct":77.27},"branchesTrue":{"total":0,"covered":0,"skipped":0,"pct":"Unknown"}}
,"C:\\Users\\sofis\\TP7\\backend\\db.js": {"lines":{"total":9,"covered":8,"skipped":0,"pct":88.88},"functions":{"total":1,"covered":1,"skipped":0,"pct":100},"statements":{"total":9,"covered":8,"skipped":0,"pct":88.88},"branches":{"total":4,"covered":3,"skipped":0,"pct":75}}
,"C:\\Users\\sofis\\TP7\\backend\\index.js": {"lines":{"total":55,"covered":42,"skipped":0,"pct":76.36},"functions":{"total":9,"covered":7,"skipped":0,"pct":77.77},"statements":{"total":55,"covered":42,"skipped":0,"pct":76.36},"branches":{"total":18,"covered":14,"skipped":0,"pct":77.77}}
}
