TN:
SF:db.js
FN:6,(anonymous_0)
FNF:1
FNH:1
FNDA:2,(anonymous_0)
DA:1,2
DA:2,2
DA:4,2
DA:6,2
DA:7,2
DA:8,0
DA:10,2
DA:11,2
DA:19,2
LF:9
LH:8
BRDA:4,0,0,2
BRDA:4,0,1,2
BRDA:7,1,0,0
BRDA:7,1,1,2
BRF:4
BRH:3
end_of_record
TN:
SF:index.js
FN:26,(anonymous_0)
FN:28,(anonymous_1)
FN:39,(anonymous_2)
FN:47,(anonymous_3)
FN:62,(anonymous_4)
FN:66,(anonymous_5)
FN:80,(anonymous_6)
FN:92,(anonymous_7)
FN:101,(anonymous_8)
FNF:9
FNH:7
FNDA:2,(anonymous_0)
FNDA:2,(anonymous_1)
FNDA:3,(anonymous_2)
FNDA:1,(anonymous_3)
FNDA:2,(anonymous_4)
FNDA:2,(anonymous_5)
FNDA:2,(anonymous_6)
FNDA:0,(anonymous_7)
FNDA:0,(anonymous_8)
DA:1,2
DA:2,2
DA:3,2
DA:6,2
DA:9,2
DA:10,2
DA:13,2
DA:16,2
DA:17,2
DA:20,2
DA:23,2
DA:26,2
DA:27,2
DA:28,2
DA:29,2
DA:30,1
DA:31,1
DA:33,1
DA:34,1
DA:39,2
DA:40,3
DA:41,3
DA:43,3
DA:44,2
DA:47,1
DA:48,1
DA:49,0
DA:50,0
DA:52,1
DA:53,1
DA:62,2
DA:63,2
DA:64,2
DA:66,2
DA:67,2
DA:68,0
DA:69,0
DA:70,2
DA:71,1
DA:73,1
DA:74,1
DA:80,2
DA:81,2
DA:92,2
DA:93,0
DA:97,2
DA:100,2
DA:101,0
DA:102,0
DA:103,0
DA:104,0
DA:105,0
DA:106,0
DA:107,0
DA:108,0
LF:55
LH:42
BRDA:6,0,0,2
BRDA:6,0,1,2
BRDA:9,1,0,2
BRDA:9,1,1,2
BRDA:10,2,0,2
BRDA:10,2,1,0
BRDA:29,3,0,1
BRDA:29,3,1,1
BRDA:43,4,0,2
BRDA:43,4,1,1
BRDA:48,5,0,0
BRDA:48,5,1,1
BRDA:67,6,0,0
BRDA:67,6,1,2
BRDA:70,7,0,1
BRDA:70,7,1,1
BRDA:100,8,0,0
BRDA:100,8,1,2
BRF:18
BRH:14
end_of_record
